<?xml version="1.0" encoding="UTF-8"?>
<testsuite name="com.jbo.flights.dsl.FlightsTest" tests="1" skipped="0" failures="0" errors="0" timestamp="2023-02-25T16:32:52" hostname="Jorges-MacBook-Pro.local" time="0.02">
  <properties/>
  <testcase name="test me()" classname="com.jbo.flights.dsl.FlightsTest" time="0.02"/>
  <system-out><![CDATA[]]></system-out>
  <system-err><![CDATA[]]></system-err>
</testsuite>
